

Started GET "/" for 127.0.0.1 at 2016-11-07 13:16:12 +0200
Processing by Rails::WelcomeController#index as HTML
  Rendered /Users/terrencebeckham/.rbenv/versions/2.3.0/lib/ruby/gems/2.3.0/gems/railties-4.1.9/lib/rails/templates/rails/welcome/index.html.erb (2.1ms)
Completed 200 OK in 18ms (Views: 9.5ms | ActiveRecord: 0.0ms)


Started GET "/" for 127.0.0.1 at 2016-11-07 17:48:29 +0200

SyntaxError (/Users/terrencebeckham/Dropbox/monster/config/routes.rb:60: syntax error, unexpected keyword_end, expecting end-of-input):
  config/routes.rb:60: syntax error, unexpected keyword_end, expecting end-of-input


  Rendered /Users/terrencebeckham/.rbenv/versions/2.3.0/lib/ruby/gems/2.3.0/gems/actionpack-4.1.9/lib/action_dispatch/middleware/templates/rescues/_source.erb (0.6ms)
  Rendered /Users/terrencebeckham/.rbenv/versions/2.3.0/lib/ruby/gems/2.3.0/gems/actionpack-4.1.9/lib/action_dispatch/middleware/templates/rescues/_trace.html.erb (1.3ms)
  Rendered /Users/terrencebeckham/.rbenv/versions/2.3.0/lib/ruby/gems/2.3.0/gems/actionpack-4.1.9/lib/action_dispatch/middleware/templates/rescues/_request_and_response.html.erb (1.1ms)
  Rendered /Users/terrencebeckham/.rbenv/versions/2.3.0/lib/ruby/gems/2.3.0/gems/actionpack-4.1.9/lib/action_dispatch/middleware/templates/rescues/diagnostics.erb within rescues/layout (58.7ms)


Started GET "/" for 127.0.0.1 at 2016-11-07 17:48:52 +0200

NoMethodError (undefined method `Class' for #<ActionDispatch::Routing::Mapper:0x007ff07c10ca88>
Did you mean?  class):
  config/routes.rb:7:in `block in <top (required)>'
  config/routes.rb:1:in `<top (required)>'


  Rendered /Users/terrencebeckham/.rbenv/versions/2.3.0/lib/ruby/gems/2.3.0/gems/actionpack-4.1.9/lib/action_dispatch/middleware/templates/rescues/_source.erb (0.6ms)
  Rendered /Users/terrencebeckham/.rbenv/versions/2.3.0/lib/ruby/gems/2.3.0/gems/actionpack-4.1.9/lib/action_dispatch/middleware/templates/rescues/_trace.html.erb (1.0ms)
  Rendered /Users/terrencebeckham/.rbenv/versions/2.3.0/lib/ruby/gems/2.3.0/gems/actionpack-4.1.9/lib/action_dispatch/middleware/templates/rescues/_request_and_response.html.erb (0.8ms)
  Rendered /Users/terrencebeckham/.rbenv/versions/2.3.0/lib/ruby/gems/2.3.0/gems/actionpack-4.1.9/lib/action_dispatch/middleware/templates/rescues/diagnostics.erb within rescues/layout (54.4ms)


Started GET "/" for 127.0.0.1 at 2016-11-07 17:49:13 +0200

SyntaxError (/Users/terrencebeckham/Dropbox/monster/config/routes.rb:59: syntax error, unexpected end-of-input, expecting keyword_end):
  config/routes.rb:59: syntax error, unexpected end-of-input, expecting keyword_end


  Rendered /Users/terrencebeckham/.rbenv/versions/2.3.0/lib/ruby/gems/2.3.0/gems/actionpack-4.1.9/lib/action_dispatch/middleware/templates/rescues/_source.erb (0.6ms)
  Rendered /Users/terrencebeckham/.rbenv/versions/2.3.0/lib/ruby/gems/2.3.0/gems/actionpack-4.1.9/lib/action_dispatch/middleware/templates/rescues/_trace.html.erb (0.9ms)
  Rendered /Users/terrencebeckham/.rbenv/versions/2.3.0/lib/ruby/gems/2.3.0/gems/actionpack-4.1.9/lib/action_dispatch/middleware/templates/rescues/_request_and_response.html.erb (0.8ms)
  Rendered /Users/terrencebeckham/.rbenv/versions/2.3.0/lib/ruby/gems/2.3.0/gems/actionpack-4.1.9/lib/action_dispatch/middleware/templates/rescues/diagnostics.erb within rescues/layout (50.8ms)


Started GET "/" for 127.0.0.1 at 2016-11-07 17:49:22 +0200
Processing by PlacesController#index as HTML
Completed 500 Internal Server Error in 11ms

ActionView::MissingTemplate (Missing template places/index, application/index with {:locale=>[:en], :formats=>[:html], :variants=>[], :handlers=>[:erb, :builder, :raw, :ruby, :coffee, :jbuilder]}. Searched in:
  * "/Users/terrencebeckham/Dropbox/monster/app/views"
):
  actionview (4.1.9) lib/action_view/path_set.rb:46:in `find'
  actionview (4.1.9) lib/action_view/lookup_context.rb:124:in `find'
  actionview (4.1.9) lib/action_view/renderer/abstract_renderer.rb:18:in `find_template'
  actionview (4.1.9) lib/action_view/renderer/template_renderer.rb:41:in `determine_template'
  actionview (4.1.9) lib/action_view/renderer/template_renderer.rb:8:in `render'
  actionview (4.1.9) lib/action_view/renderer/renderer.rb:42:in `render_template'
  actionview (4.1.9) lib/action_view/renderer/renderer.rb:23:in `render'
  actionview (4.1.9) lib/action_view/rendering.rb:99:in `_render_template'
  actionpack (4.1.9) lib/action_controller/metal/streaming.rb:217:in `_render_template'
  actionview (4.1.9) lib/action_view/rendering.rb:82:in `render_to_body'
  actionpack (4.1.9) lib/action_controller/metal/rendering.rb:32:in `render_to_body'
  actionpack (4.1.9) lib/action_controller/metal/renderers.rb:32:in `render_to_body'
  actionpack (4.1.9) lib/abstract_controller/rendering.rb:25:in `render'
  actionpack (4.1.9) lib/action_controller/metal/rendering.rb:16:in `render'
  actionpack (4.1.9) lib/action_controller/metal/instrumentation.rb:41:in `block (2 levels) in render'
  activesupport (4.1.9) lib/active_support/core_ext/benchmark.rb:12:in `block in ms'
  /Users/terrencebeckham/.rbenv/versions/2.3.0/lib/ruby/2.3.0/benchmark.rb:308:in `realtime'
  activesupport (4.1.9) lib/active_support/core_ext/benchmark.rb:12:in `ms'
  actionpack (4.1.9) lib/action_controller/metal/instrumentation.rb:41:in `block in render'
  actionpack (4.1.9) lib/action_controller/metal/instrumentation.rb:84:in `cleanup_view_runtime'
  activerecord (4.1.9) lib/active_record/railties/controller_runtime.rb:25:in `cleanup_view_runtime'
  actionpack (4.1.9) lib/action_controller/metal/instrumentation.rb:40:in `render'
  actionpack (4.1.9) lib/action_controller/metal/implicit_render.rb:10:in `default_render'
  actionpack (4.1.9) lib/action_controller/metal/implicit_render.rb:5:in `send_action'
  actionpack (4.1.9) lib/abstract_controller/base.rb:189:in `process_action'
  actionpack (4.1.9) lib/action_controller/metal/rendering.rb:10:in `process_action'
  actionpack (4.1.9) lib/abstract_controller/callbacks.rb:20:in `block in process_action'
  activesupport (4.1.9) lib/active_support/callbacks.rb:113:in `call'
  activesupport (4.1.9) lib/active_support/callbacks.rb:229:in `block in halting'
  activesupport (4.1.9) lib/active_support/callbacks.rb:166:in `block in halting'
  activesupport (4.1.9) lib/active_support/callbacks.rb:166:in `block in halting'
  activesupport (4.1.9) lib/active_support/callbacks.rb:86:in `run_callbacks'
  actionpack (4.1.9) lib/abstract_controller/callbacks.rb:19:in `process_action'
  actionpack (4.1.9) lib/action_controller/metal/rescue.rb:29:in `process_action'
  actionpack (4.1.9) lib/action_controller/metal/instrumentation.rb:31:in `block in process_action'
  activesupport (4.1.9) lib/active_support/notifications.rb:159:in `block in instrument'
  activesupport (4.1.9) lib/active_support/notifications/instrumenter.rb:20:in `instrument'
  activesupport (4.1.9) lib/active_support/notifications.rb:159:in `instrument'
  actionpack (4.1.9) lib/action_controller/metal/instrumentation.rb:30:in `process_action'
  actionpack (4.1.9) lib/action_controller/metal/params_wrapper.rb:250:in `process_action'
  activerecord (4.1.9) lib/active_record/railties/controller_runtime.rb:18:in `process_action'
  actionpack (4.1.9) lib/abstract_controller/base.rb:136:in `process'
  actionview (4.1.9) lib/action_view/rendering.rb:30:in `process'
  actionpack (4.1.9) lib/action_controller/metal.rb:196:in `dispatch'
  actionpack (4.1.9) lib/action_controller/metal/rack_delegation.rb:13:in `dispatch'
  actionpack (4.1.9) lib/action_controller/metal.rb:232:in `block in action'
  actionpack (4.1.9) lib/action_dispatch/routing/route_set.rb:82:in `dispatch'
  actionpack (4.1.9) lib/action_dispatch/routing/route_set.rb:50:in `call'
  actionpack (4.1.9) lib/action_dispatch/journey/router.rb:73:in `block in call'
  actionpack (4.1.9) lib/action_dispatch/journey/router.rb:59:in `each'
  actionpack (4.1.9) lib/action_dispatch/journey/router.rb:59:in `call'
  actionpack (4.1.9) lib/action_dispatch/routing/route_set.rb:685:in `call'
  rack (1.5.5) lib/rack/etag.rb:23:in `call'
  rack (1.5.5) lib/rack/conditionalget.rb:25:in `call'
  rack (1.5.5) lib/rack/head.rb:11:in `call'
  actionpack (4.1.9) lib/action_dispatch/middleware/params_parser.rb:27:in `call'
  actionpack (4.1.9) lib/action_dispatch/middleware/flash.rb:254:in `call'
  rack (1.5.5) lib/rack/session/abstract/id.rb:225:in `context'
  rack (1.5.5) lib/rack/session/abstract/id.rb:220:in `call'
  actionpack (4.1.9) lib/action_dispatch/middleware/cookies.rb:562:in `call'
  activerecord (4.1.9) lib/active_record/query_cache.rb:36:in `call'
  activerecord (4.1.9) lib/active_record/connection_adapters/abstract/connection_pool.rb:621:in `call'
  activerecord (4.1.9) lib/active_record/migration.rb:380:in `call'
  actionpack (4.1.9) lib/action_dispatch/middleware/callbacks.rb:29:in `block in call'
  activesupport (4.1.9) lib/active_support/callbacks.rb:82:in `run_callbacks'
  actionpack (4.1.9) lib/action_dispatch/middleware/callbacks.rb:27:in `call'
  actionpack (4.1.9) lib/action_dispatch/middleware/reloader.rb:73:in `call'
  actionpack (4.1.9) lib/action_dispatch/middleware/remote_ip.rb:76:in `call'
  actionpack (4.1.9) lib/action_dispatch/middleware/debug_exceptions.rb:17:in `call'
  actionpack (4.1.9) lib/action_dispatch/middleware/show_exceptions.rb:30:in `call'
  railties (4.1.9) lib/rails/rack/logger.rb:38:in `call_app'
  railties (4.1.9) lib/rails/rack/logger.rb:20:in `block in call'
  activesupport (4.1.9) lib/active_support/tagged_logging.rb:68:in `block in tagged'
  activesupport (4.1.9) lib/active_support/tagged_logging.rb:26:in `tagged'
  activesupport (4.1.9) lib/active_support/tagged_logging.rb:68:in `tagged'
  railties (4.1.9) lib/rails/rack/logger.rb:20:in `call'
  actionpack (4.1.9) lib/action_dispatch/middleware/request_id.rb:21:in `call'
  rack (1.5.5) lib/rack/methodoverride.rb:21:in `call'
  rack (1.5.5) lib/rack/runtime.rb:17:in `call'
  activesupport (4.1.9) lib/active_support/cache/strategy/local_cache_middleware.rb:26:in `call'
  rack (1.5.5) lib/rack/lock.rb:17:in `call'
  actionpack (4.1.9) lib/action_dispatch/middleware/static.rb:84:in `call'
  rack (1.5.5) lib/rack/sendfile.rb:112:in `call'
  railties (4.1.9) lib/rails/engine.rb:514:in `call'
  railties (4.1.9) lib/rails/application.rb:144:in `call'
  rack (1.5.5) lib/rack/lock.rb:17:in `call'
  rack (1.5.5) lib/rack/content_length.rb:14:in `call'
  rack (1.5.5) lib/rack/handler/webrick.rb:60:in `service'
  /Users/terrencebeckham/.rbenv/versions/2.3.0/lib/ruby/2.3.0/webrick/httpserver.rb:140:in `service'
  /Users/terrencebeckham/.rbenv/versions/2.3.0/lib/ruby/2.3.0/webrick/httpserver.rb:96:in `run'
  /Users/terrencebeckham/.rbenv/versions/2.3.0/lib/ruby/2.3.0/webrick/server.rb:296:in `block in start_thread'


  Rendered /Users/terrencebeckham/.rbenv/versions/2.3.0/lib/ruby/gems/2.3.0/gems/actionpack-4.1.9/lib/action_dispatch/middleware/templates/rescues/missing_template.html.erb within rescues/layout (0.6ms)


Started GET "/" for 127.0.0.1 at 2016-11-07 17:53:13 +0200
Processing by PlacesController#index as HTML
  Rendered places/index.html.erb within layouts/application (0.3ms)
Completed 200 OK in 430ms (Views: 429.7ms | ActiveRecord: 0.0ms)


Started GET "/assets/places.css?body=1" for 127.0.0.1 at 2016-11-07 17:53:13 +0200


Started GET "/assets/jquery.js?body=1" for 127.0.0.1 at 2016-11-07 17:53:13 +0200


Started GET "/assets/jquery_ujs.js?body=1" for 127.0.0.1 at 2016-11-07 17:53:13 +0200


Started GET "/assets/application.js?body=1" for 127.0.0.1 at 2016-11-07 17:53:13 +0200


Started GET "/assets/application.css?body=1" for 127.0.0.1 at 2016-11-07 17:53:13 +0200


Started GET "/assets/turbolinks.js?body=1" for 127.0.0.1 at 2016-11-07 17:53:13 +0200


Started GET "/assets/places.js?body=1" for 127.0.0.1 at 2016-11-07 17:53:13 +0200
  [1m[36m (13.4ms)[0m  [1mCREATE TABLE "schema_migrations" ("version" character varying(255) NOT NULL) [0m
  [1m[35m (3.8ms)[0m  CREATE UNIQUE INDEX  "unique_schema_migrations" ON "schema_migrations"  ("version")
  [1m[36mActiveRecord::SchemaMigration Load (0.5ms)[0m  [1mSELECT "schema_migrations".* FROM "schema_migrations"[0m
Migrating to CreatePlaces (20161107160218)
  [1m[35m (0.5ms)[0m  BEGIN
  [1m[36m (11.8ms)[0m  [1mCREATE TABLE "places" ("id" serial primary key, "name" character varying(255), "description" character varying(255), "address" character varying(255), "created_at" timestamp, "updated_at" timestamp) [0m
  [1m[35mSQL (0.4ms)[0m  INSERT INTO "schema_migrations" ("version") VALUES ($1)  [["version", "20161107160218"]]
  [1m[36m (0.5ms)[0m  [1mCOMMIT[0m
  [1m[35mActiveRecord::SchemaMigration Load (0.6ms)[0m  SELECT "schema_migrations".* FROM "schema_migrations"
